# JRE version: Java(TM) SE Runtime Environment (23.0.1+11) (build 23.0.1+11-39)
# Java VM: Java HotSpot(TM) 64-Bit Server VM (23.0.1+11-39, mixed mode, sharing, tiered, compressed oops, compressed class ptrs, g1 gc, windows-amd64)
GC Precious Log:
 CardTable entry size: 512
 Card Set container configuration: InlinePtr #cards 4 size 8 Array Of Cards #cards 16 size 48 Howl #buckets 8 coarsen threshold 3686 Howl Bitmap #cards 512 size 80 coarsen threshold 460 Card regions per heap region 1 cards per card region 4096
 CPUs: 6 total, 6 available
 Memory: 16165M
 Large Page Support: Disabled
 NUMA Support: Disabled
 Compressed Oops: Enabled (Zero based)
 Heap Region Size: 2M
 Heap Min Capacity: 8M
 Heap Initial Capacity: 254M
 Heap Max Capacity: 4042M
 Pre-touch: Disabled
 Parallel Workers: 6
 Concurrent Workers: 2
 Concurrent Refinement Workers: 6
 Periodic GC: Disabled
Heap:
 garbage-first heap   total reserved 4139008K, committed 368640K, used 315912K [0x0000000703600000, 0x0000000800000000)
  region size 2048K, 44 young (90112K), 1 survivors (2048K)
 Metaspace       used 11629K, committed 11840K, reserved 1114112K
  class space    used 1261K, committed 1344K, reserved 1048576K
GC Heap History (20 events):
Event: 338.218 GC heap before
{Heap before GC invocations=460 (full 0):
 garbage-first heap   total reserved 4139008K, committed 358400K, used 333919K [0x0000000703600000, 0x0000000800000000)
  region size 2048K, 62 young (126976K), 1 survivors (2048K)
 Metaspace       used 11615K, committed 11776K, reserved 1114112K
  class space    used 1260K, committed 1344K, reserved 1048576K
}
Event: 338.219 GC heap after
{Heap after GC invocations=461 (full 0):
 garbage-first heap   total reserved 4139008K, committed 358400K, used 209247K [0x0000000703600000, 0x0000000800000000)
  region size 2048K, 1 young (2048K), 1 survivors (2048K)
 Metaspace       used 11615K, committed 11776K, reserved 1114112K
  class space    used 1260K, committed 1344K, reserved 1048576K
}
Event: 339.109 GC heap before
{Heap before GC invocations=462 (full 0):
 garbage-first heap   total reserved 4139008K, committed 368640K, used 346463K [0x0000000703600000, 0x0000000800000000)
  region size 2048K, 62 young (126976K), 1 survivors (2048K)
 Metaspace       used 11619K, committed 11840K, reserved 1114112K
  class space    used 1260K, committed 1344K, reserved 1048576K
}
Event: 339.110 GC heap after
{Heap after GC invocations=463 (full 0):
 garbage-first heap   total reserved 4139008K, committed 368640K, used 213788K [0x0000000703600000, 0x0000000800000000)
  region size 2048K, 1 young (2048K), 1 survivors (2048K)
 Metaspace       used 11619K, committed 11840K, reserved 1114112K
  class space    used 1260K, committed 1344K, reserved 1048576K
}
Event: 340.105 GC heap before
{Heap before GC invocations=463 (full 0):
 garbage-first heap   total reserved 4139008K, committed 368640K, used 348956K [0x0000000703600000, 0x0000000800000000)
  region size 2048K, 66 young (135168K), 1 survivors (2048K)
 Metaspace       used 11619K, committed 11840K, reserved 1114112K
  class space    used 1260K, committed 1344K, reserved 1048576K
}
Event: 340.106 GC heap after
{Heap after GC invocations=464 (full 0):
 garbage-first heap   total reserved 4139008K, committed 368640K, used 212413K [0x0000000703600000, 0x0000000800000000)
  region size 2048K, 1 young (2048K), 1 survivors (2048K)
 Metaspace       used 11619K, committed 11840K, reserved 1114112K
  class space    used 1260K, committed 1344K, reserved 1048576K
}
Event: 341.067 GC heap before
{Heap before GC invocations=464 (full 0):
 garbage-first heap   total reserved 4139008K, committed 368640K, used 333245K [0x0000000703600000, 0x0000000800000000)
  region size 2048K, 61 young (124928K), 1 survivors (2048K)
 Metaspace       used 11619K, committed 11840K, reserved 1114112K
  class space    used 1260K, committed 1344K, reserved 1048576K
}
Event: 341.069 GC heap after
{Heap after GC invocations=465 (full 0):
 garbage-first heap   total reserved 4139008K, committed 368640K, used 212806K [0x0000000703600000, 0x0000000800000000)
  region size 2048K, 1 young (2048K), 1 survivors (2048K)
 Metaspace       used 11619K, committed 11840K, reserved 1114112K
  class space    used 1260K, committed 1344K, reserved 1048576K
}
Event: 342.020 GC heap before
{Heap before GC invocations=466 (full 0):
 garbage-first heap   total reserved 4139008K, committed 368640K, used 350022K [0x0000000703600000, 0x0000000800000000)
  region size 2048K, 66 young (135168K), 1 survivors (2048K)
 Metaspace       used 11622K, committed 11840K, reserved 1114112K
  class space    used 1260K, committed 1344K, reserved 1048576K
}
Event: 342.021 GC heap after
{Heap after GC invocations=467 (full 0):
 garbage-first heap   total reserved 4139008K, committed 368640K, used 214511K [0x0000000703600000, 0x0000000800000000)
  region size 2048K, 1 young (2048K), 1 survivors (2048K)
 Metaspace       used 11622K, committed 11840K, reserved 1114112K
  class space    used 1260K, committed 1344K, reserved 1048576K
}
Event: 342.970 GC heap before
{Heap before GC invocations=467 (full 0):
 garbage-first heap   total reserved 4139008K, committed 368640K, used 345583K [0x0000000703600000, 0x0000000800000000)
  region size 2048K, 65 young (133120K), 1 survivors (2048K)
 Metaspace       used 11622K, committed 11840K, reserved 1114112K
  class space    used 1260K, committed 1344K, reserved 1048576K
}
Event: 342.971 GC heap after
{Heap after GC invocations=468 (full 0):
 garbage-first heap   total reserved 4139008K, committed 368640K, used 214569K [0x0000000703600000, 0x0000000800000000)
  region size 2048K, 1 young (2048K), 1 survivors (2048K)
 Metaspace       used 11622K, committed 11840K, reserved 1114112K
  class space    used 1260K, committed 1344K, reserved 1048576K
}
Event: 343.336 GC heap before
{Heap before GC invocations=468 (full 0):
 garbage-first heap   total reserved 4139008K, committed 368640K, used 265769K [0x0000000703600000, 0x0000000800000000)
  region size 2048K, 27 young (55296K), 1 survivors (2048K)
 Metaspace       used 11622K, committed 11840K, reserved 1114112K
  class space    used 1260K, committed 1344K, reserved 1048576K
}
Event: 343.337 GC heap after
{Heap after GC invocations=469 (full 0):
 garbage-first heap   total reserved 4139008K, committed 368640K, used 212612K [0x0000000703600000, 0x0000000800000000)
  region size 2048K, 1 young (2048K), 1 survivors (2048K)
 Metaspace       used 11622K, committed 11840K, reserved 1114112K
  class space    used 1260K, committed 1344K, reserved 1048576K
}
Event: 344.260 GC heap before
{Heap before GC invocations=470 (full 0):
 garbage-first heap   total reserved 4139008K, committed 368640K, used 347204K [0x0000000703600000, 0x0000000800000000)
  region size 2048K, 66 young (135168K), 1 survivors (2048K)
 Metaspace       used 11624K, committed 11840K, reserved 1114112K
  class space    used 1260K, committed 1344K, reserved 1048576K
}
Event: 344.262 GC heap after
{Heap after GC invocations=471 (full 0):
 garbage-first heap   total reserved 4139008K, committed 368640K, used 213943K [0x0000000703600000, 0x0000000800000000)
  region size 2048K, 1 young (2048K), 1 survivors (2048K)
 Metaspace       used 11624K, committed 11840K, reserved 1114112K
  class space    used 1260K, committed 1344K, reserved 1048576K
}
Event: 345.257 GC heap before
{Heap before GC invocations=471 (full 0):
 garbage-first heap   total reserved 4139008K, committed 368640K, used 349111K [0x0000000703600000, 0x0000000800000000)
  region size 2048K, 66 young (135168K), 1 survivors (2048K)
 Metaspace       used 11624K, committed 11840K, reserved 1114112K
  class space    used 1260K, committed 1344K, reserved 1048576K
}
Event: 345.259 GC heap after
{Heap after GC invocations=472 (full 0):
 garbage-first heap   total reserved 4139008K, committed 368640K, used 219304K [0x0000000703600000, 0x0000000800000000)
  region size 2048K, 1 young (2048K), 1 survivors (2048K)
 Metaspace       used 11624K, committed 11840K, reserved 1114112K
  class space    used 1260K, committed 1344K, reserved 1048576K
}
Event: 346.064 GC heap before
{Heap before GC invocations=472 (full 0):
 garbage-first heap   total reserved 4139008K, committed 368640K, used 313512K [0x0000000703600000, 0x0000000800000000)
  region size 2048K, 48 young (98304K), 1 survivors (2048K)
 Metaspace       used 11624K, committed 11840K, reserved 1114112K
  class space    used 1260K, committed 1344K, reserved 1048576K
}
Event: 346.065 GC heap after
{Heap after GC invocations=473 (full 0):
 garbage-first heap   total reserved 4139008K, committed 368640K, used 215560K [0x0000000703600000, 0x0000000800000000)
  region size 2048K, 1 young (2048K), 1 survivors (2048K)
 Metaspace       used 11624K, committed 11840K, reserved 1114112K
  class space    used 1260K, committed 1344K, reserved 1048576K
}

